<?xml version="1.0" encoding="UTF-8" ?>
<testsuite errors="0" failures="1" hostname="benjamins-Mac-mini.local" name="org.netbeans.modules.compapp.catd.ConfiguredTest" skipped="0" tests="1" time="3.59" timestamp="2015-11-22T13:57:54">
  <properties>
    <property name="libs.jsp-compiler.javadoc" value="" />
    <property name="netbeans.autoupdate.country" value="US" />
    <property name="com.sun.jbi.sa.internal.routing" value="true" />
    <property name="libs.Encoder-HL7.javadoc" value="" />
    <property name="libs.jsf20.maven-pom" value="" />
    <property name="libs.DataBindingME.src" value="/Users/BenGoodwin/Library/Application Support/OpenESB_Studio/3.1.0-SNAPSHOT/sources/netbeans_databindingme-src.zip" />
    <property name="source.root" value="src" />
    <property name="libs.proguard.javadoc" value="" />
    <property name="libs.junit.javadoc" value="/usr/local/OpenESB-SE-3.0.5/OE-Studio/netbeans/java/docs/junit-3.8.2-api.zip" />
    <property name="libs.spring-webmvc4.0.src" value="" />
    <property name="ant.core.lib" value="/usr/local/OpenESB-SE-3.0.5/OE-Studio/netbeans/extide/ant/lib/ant.jar" />
    <property name="libs.jsp-compilation.javadoc" value="" />
    <property name="user.dir" value="/Users/BenGoodwin/git/nrel/Epri3App" />
    <property name="com.apple.mrj.application.apple.menu.about.name" value="OpenESB Studio" />
    <property name="libs.javaee-api-7.0.src" value="" />
    <property name="java.vm.version" value="24.45-b08" />
    <property name="libs.DataBindingME.classpath" value="/Users/BenGoodwin/Library/Application Support/OpenESB_Studio/3.1.0-SNAPSHOT/modules/ext/netbeans_databindingme.jar" />
    <property name="libs.j2me_common_ant.src" value="" />
    <property name="libs.MySQLDriver.classpath" value="/usr/local/OpenESB-SE-3.0.5/OE-Studio/netbeans/ide/modules/ext/mysql-connector-java-5.1.23-bin.jar" />
    <property name="jbi.content.additional" value="../Epri3/build/SEDeployment.jar" />
    <property name="libs.eclipselinkmodelgen.src" value="" />
    <property name="netbeans.autoupdate.version" value="1.23" />
    <property name="libs.EclipseLink-GlassFish-v3.classpath" value="/usr/local/glassfish4/glassfish/modules/org.eclipse.persistence.antlr.jar:/usr/local/glassfish4/glassfish/modules/org.eclipse.persistence.asm.jar:/usr/local/glassfish4/glassfish/modules/org.eclipse.persistence.core.jar:/usr/local/glassfish4/glassfish/modules/org.eclipse.persistence.dbws.jar:/usr/local/glassfish4/glassfish/modules/org.eclipse.persistence.jpa.jar:/usr/local/glassfish4/glassfish/modules/org.eclipse.persistence.jpa.jpql.jar:/usr/local/glassfish4/glassfish/modules/org.eclipse.persistence.jpa.modelgen.processor.jar:/usr/local/glassfish4/glassfish/modules/org.eclipse.persistence.moxy.jar:/usr/local/glassfish4/glassfish/modules/org.eclipse.persistence.oracle.jar:/usr/local/glassfish4/glassfish/modules/javax.persistence.jar" />
    <property name="libs.javaee-web-api-6.0.classpath" value="/usr/local/OpenESB-SE-3.0.5/OE-Studio/netbeans/enterprise/modules/ext/javaee-web-api-6.0.jar" />
    <property name="libs.DataBindingME-PIM.maven-pom" value="" />
    <property name="libs.Java-EE-GlassFish-v3-Prelude.javadoc" value="/usr/local/OpenESB-SE-3.0.5/OE-Studio/netbeans/enterprise/docs/javaee-doc-api.jar" />
    <property name="jdk.home" value="/Library/Java/JavaVirtualMachines/jdk1.7.0_45.jdk/Contents/Home" />
    <property name="libs.javac-api.src" value="" />
    <property name="xml.module.install.dir" value="/usr/local/OpenESB-SE-3.0.5/OE-Studio/netbeans/soa/modules" />
    <property name="libs.jpa2-persistence.classpath" value="/usr/local/OpenESB-SE-3.0.5/OE-Studio/netbeans/java/modules/ext/hibernate4/hibernate-jpa-2.1-api-1.0.0.Final.jar" />
    <property name="sun.os.patch.level" value="unknown" />
    <property name="libs.Java-EE-GlassFish-v3-Prelude.src" value="" />
    <property name="java.vm.specification.name" value="Java Virtual Machine Specification" />
    <property name="libs.Encoder-Custom.javadoc" value="" />
    <property name="nb.show.statistics.ui" value="usageStatisticsEnabled" />
    <property name="netbeans.autoupdate.variant" value="" />
    <property name="have.tests" value="true" />
    <property name="org.xml.sax.driver" value="com.sun.org.apache.xerces.internal.jaxp.SAXParserImpl$JAXPSAXParser" />
    <property name="j2ee.server.instance" value="openesb-standalone-deployer:home=/usr/local/OpenESB-SE-3.0.5/OE-Instance&amp;" />
    <property name="libs.javac-api.javadoc" value="" />
    <property name="os.name" value="Mac OS X" />
    <property name="esb.netbeans.platform" value="/usr/local/OpenESB-SE-3.0.5/OE-Studio/netbeans/platform" />
    <property name="libs.beans-binding.classpath" value="/usr/local/OpenESB-SE-3.0.5/OE-Studio/netbeans/java/modules/ext/beansbinding-1.2.1.jar" />
    <property name="libs.javaee-endorsed-api-7.0.maven-pom" value="" />
    <property name="libs.DataBindingME-SVG.javadoc" value="/Users/BenGoodwin/Library/Application Support/OpenESB_Studio/3.1.0-SNAPSHOT/modules/docs/netbeans_databindingme_svg-api.zip" />
    <property name="libs.restapi.javadoc" value="" />
    <property name="libs.JWSAntTasks.maven-pom" value="" />
    <property name="libs.jstl.classpath" value="/usr/local/OpenESB-SE-3.0.5/OE-Studio/netbeans/enterprise/modules/ext/jstl-impl.jar:/usr/local/OpenESB-SE-3.0.5/OE-Studio/netbeans/enterprise/modules/ext/jstl-api.jar" />
    <property name="libs.testng.src" value="" />
    <property name="libs.spring-webmvc3.0.src" value="" />
    <property name="libs.restapi.classpath" value="/usr/local/OpenESB-SE-3.0.5/OE-Studio/netbeans/enterprise/modules/ext/jaxrs-2.0/javax.ws.rs-api-2.0.jar" />
    <property name="java.vendor.url.bug" value="http://bugreport.sun.com/bugreport/" />
    <property name="libs.jaxb.maven-pom" value="" />
    <property name="os.arch" value="x86_64" />
    <property name="libs.Encoder-Custom.classpath" value="/usr/local/OpenESB-SE-3.0.5/OE-Studio/netbeans/soa/modules/ext/custom.jar:/usr/local/OpenESB-SE-3.0.5/OE-Studio/netbeans/soa/modules/ext/customencoder-xsdextension.jar" />
    <property name="libs.eclipselink.src" value="" />
    <property name="user.name" value="BenGoodwin" />
    <property name="libs.jsf12.javadoc" value="/usr/local/OpenESB-SE-3.0.5/OE-Studio/netbeans/enterprise/docs/javaee-doc-api.jar" />
    <property name="libs.Comet-GlassFish-v3.javadoc" value="" />
    <property name="libs.j2me_common_ant.maven-pom" value="" />
    <property name="libs.spring-webmvc3.0.maven-pom" value="" />
    <property name="libs.swing-layout.maven-pom" value="" />
    <property name="sun.java.command" value="org.apache.tools.ant.taskdefs.optional.junit.JUnitTestRunner org.netbeans.modules.compapp.catd.ConfiguredTest skipNonTests=false filtertrace=true haltOnError=false haltOnFailure=false showoutput=true outputtoformatters=true logfailedtests=true threadid=0 logtestlistenerevents=true formatter=org.apache.tools.ant.taskdefs.optional.junit.BriefJUnitResultFormatter formatter=org.apache.tools.ant.taskdefs.optional.junit.XMLJUnitResultFormatter,/Users/BenGoodwin/git/nrel/Epri3App/test/results/TEST-org.netbeans.modules.compapp.catd.ConfiguredTest.xml crashfile=/var/folders/xm/gdf4xfjj69g6g9j_f6lg32jh0000gn/T/junitvmwatcher5171203688261120423.properties propsfile=/var/folders/xm/gdf4xfjj69g6g9j_f6lg32jh0000gn/T/junit5213949474925997447.properties" />
    <property name="build.classes.dir" value="build/jar" />
    <property name="enterprise.module.install.dir" value="/usr/local/OpenESB-SE-3.0.5/OE-Studio/netbeans/enterprise/modules" />
    <property name="libs.javaee-endorsed-api-7.0.javadoc" value="/usr/local/OpenESB-SE-3.0.5/OE-Studio/netbeans/enterprise/docs/javaee-doc-api.jar" />
    <property name="libs.jaxws21.javadoc" value="/usr/local/OpenESB-SE-3.0.5/OE-Studio/netbeans/java/docs/jaxws-api-doc.zip" />
    <property name="libs.spring-webmvc4.0.javadoc" value="" />
    <property name="user.country" value="US" />
    <property name="libs.jsp-compilation-syscp.src" value="" />
    <property name="libs.JAVADB_DRIVER_LABEL.src" value="" />
    <property name="libs.spring-framework400.classpath" value="/usr/local/OpenESB-SE-3.0.5/OE-Studio/netbeans/ide/modules/org-apache-commons-logging.jar:/usr/local/OpenESB-SE-3.0.5/OE-Studio/netbeans/java/modules/ext/cglib-2.2.jar:/usr/local/OpenESB-SE-3.0.5/OE-Studio/netbeans/java/modules/ext/spring-4/spring-aop-4.0.1.RELEASE.jar:/usr/local/OpenESB-SE-3.0.5/OE-Studio/netbeans/java/modules/ext/spring-4/spring-aspects-4.0.1.RELEASE.jar:/usr/local/OpenESB-SE-3.0.5/OE-Studio/netbeans/java/modules/ext/spring-4/spring-beans-4.0.1.RELEASE.jar:/usr/local/OpenESB-SE-3.0.5/OE-Studio/netbeans/java/modules/ext/spring-4/spring-build-src-4.0.1.RELEASE.jar:/usr/local/OpenESB-SE-3.0.5/OE-Studio/netbeans/java/modules/ext/spring-4/spring-context-4.0.1.RELEASE.jar:/usr/local/OpenESB-SE-3.0.5/OE-Studio/netbeans/java/modules/ext/spring-4/spring-context-support-4.0.1.RELEASE.jar:/usr/local/OpenESB-SE-3.0.5/OE-Studio/netbeans/java/modules/ext/spring-4/spring-core-4.0.1.RELEASE.jar:/usr/local/OpenESB-SE-3.0.5/OE-Studio/netbeans/java/modules/ext/spring-4/spring-expression-4.0.1.RELEASE.jar:/usr/local/OpenESB-SE-3.0.5/OE-Studio/netbeans/java/modules/ext/spring-4/spring-framework-bom-4.0.1.RELEASE.jar:/usr/local/OpenESB-SE-3.0.5/OE-Studio/netbeans/java/modules/ext/spring-4/spring-instrument-4.0.1.RELEASE.jar:/usr/local/OpenESB-SE-3.0.5/OE-Studio/netbeans/java/modules/ext/spring-4/spring-instrument-tomcat-4.0.1.RELEASE.jar:/usr/local/OpenESB-SE-3.0.5/OE-Studio/netbeans/java/modules/ext/spring-4/spring-jdbc-4.0.1.RELEASE.jar:/usr/local/OpenESB-SE-3.0.5/OE-Studio/netbeans/java/modules/ext/spring-4/spring-jms-4.0.1.RELEASE.jar:/usr/local/OpenESB-SE-3.0.5/OE-Studio/netbeans/java/modules/ext/spring-4/spring-messaging-4.0.1.RELEASE.jar:/usr/local/OpenESB-SE-3.0.5/OE-Studio/netbeans/java/modules/ext/spring-4/spring-orm-4.0.1.RELEASE.jar:/usr/local/OpenESB-SE-3.0.5/OE-Studio/netbeans/java/modules/ext/spring-4/spring-oxm-4.0.1.RELEASE.jar:/usr/local/OpenESB-SE-3.0.5/OE-Studio/netbeans/java/modules/ext/spring-4/spring-test-4.0.1.RELEASE.jar:/usr/local/OpenESB-SE-3.0.5/OE-Studio/netbeans/java/modules/ext/spring-4/spring-tx-4.0.1.RELEASE.jar:/usr/local/OpenESB-SE-3.0.5/OE-Studio/netbeans/java/modules/ext/spring-4/spring-web-4.0.1.RELEASE.jar:/usr/local/OpenESB-SE-3.0.5/OE-Studio/netbeans/java/modules/ext/spring-4/spring-webmvc-4.0.1.RELEASE.jar:/usr/local/OpenESB-SE-3.0.5/OE-Studio/netbeans/java/modules/ext/spring-4/spring-webmvc-portlet-4.0.1.RELEASE.jar:/usr/local/OpenESB-SE-3.0.5/OE-Studio/netbeans/java/modules/ext/spring-4/spring-websocket-4.0.1.RELEASE.jar" />
    <property name="meta.inf" value="src/conf" />
    <property name="ServerPassword" value="admin" />
    <property name="netbeans.home" value="/usr/local/OpenESB-SE-3.0.5/OE-Studio/netbeans/platform" />
    <property name="build.compiler.emacs" value="true" />
    <property name="libs.javaee-web-api-6.0.src" value="" />
    <property name="libs.jsp-compilation-syscp.classpath" value="/usr/local/OpenESB-SE-3.0.5/OE-Studio/netbeans/extide/ant/lib/ant.jar:/usr/local/OpenESB-SE-3.0.5/OE-Studio/netbeans/enterprise/modules/ext/servlet3.1-jsp2.3-api.jar:/usr/local/OpenESB-SE-3.0.5/OE-Studio/netbeans/enterprise/modules/ext/glassfish-jspparser-4.0.jar:/usr/local/OpenESB-SE-3.0.5/OE-Studio/netbeans/enterprise/modules/ext/jstl-impl.jar:/usr/local/OpenESB-SE-3.0.5/OE-Studio/netbeans/enterprise/modules/ext/jsf-2_2/javax.faces.jar" />
    <property name="java.endorsed.dirs" value="/Library/Java/JavaVirtualMachines/jdk1.7.0_45.jdk/Contents/Home/jre/lib/endorsed" />
    <property name="libs.Comet-GlassFish-v3.maven-pom" value="" />
    <property name="netbeans.dynamic.classpath" value="/usr/local/OpenESB-SE-3.0.5/OE-Studio/netbeans/platform/core/core.jar:/usr/local/OpenESB-SE-3.0.5/OE-Studio/netbeans/platform/core/org-openide-filesystems.jar:/usr/local/OpenESB-SE-3.0.5/OE-Studio/netbeans/platform/core/locale/core_ja.jar:/usr/local/OpenESB-SE-3.0.5/OE-Studio/netbeans/platform/core/locale/core_pt_BR.jar:/usr/local/OpenESB-SE-3.0.5/OE-Studio/netbeans/platform/core/locale/core_ru.jar:/usr/local/OpenESB-SE-3.0.5/OE-Studio/netbeans/platform/core/locale/core_zh_CN.jar:/usr/local/OpenESB-SE-3.0.5/OE-Studio/netbeans/platform/core/locale/org-openide-filesystems_ja.jar:/usr/local/OpenESB-SE-3.0.5/OE-Studio/netbeans/platform/core/locale/org-openide-filesystems_pt_BR.jar:/usr/local/OpenESB-SE-3.0.5/OE-Studio/netbeans/platform/core/locale/org-openide-filesystems_ru.jar:/usr/local/OpenESB-SE-3.0.5/OE-Studio/netbeans/platform/core/locale/org-openide-filesystems_zh_CN.jar:/usr/local/OpenESB-SE-3.0.5/OE-Studio/netbeans/bin/../soa/core/locale/core_soa.jar:/usr/local/OpenESB-SE-3.0.5/OE-Studio/netbeans/bin/../nb/core/org-netbeans-upgrader.jar:/usr/local/OpenESB-SE-3.0.5/OE-Studio/netbeans/bin/../nb/core/locale/core_nb.jar:/usr/local/OpenESB-SE-3.0.5/OE-Studio/netbeans/bin/../nb/core/locale/core_nb_ja.jar:/usr/local/OpenESB-SE-3.0.5/OE-Studio/netbeans/bin/../nb/core/locale/core_nb_pt_BR.jar:/usr/local/OpenESB-SE-3.0.5/OE-Studio/netbeans/bin/../nb/core/locale/core_nb_ru.jar:/usr/local/OpenESB-SE-3.0.5/OE-Studio/netbeans/bin/../nb/core/locale/core_nb_zh_CN.jar:/usr/local/OpenESB-SE-3.0.5/OE-Studio/netbeans/bin/../nb/core/locale/org-netbeans-upgrader_ja.jar:/usr/local/OpenESB-SE-3.0.5/OE-Studio/netbeans/bin/../nb/core/locale/org-netbeans-upgrader_pt_BR.jar:/usr/local/OpenESB-SE-3.0.5/OE-Studio/netbeans/bin/../nb/core/locale/org-netbeans-upgrader_ru.jar:/usr/local/OpenESB-SE-3.0.5/OE-Studio/netbeans/bin/../nb/core/locale/org-netbeans-upgrader_zh_CN.jar" />
    <property name="java.vm.specification.version" value="1.7" />
    <property name="libs.hibernate4-support.src" value="" />
    <property name="libs.primefaces.classpath" value="/usr/local/OpenESB-SE-3.0.5/OE-Studio/netbeans/enterprise/modules/ext/primefaces/primefaces-5.0.jar" />
    <property name="libs.javaee-api-6.0.classpath" value="/usr/local/OpenESB-SE-3.0.5/OE-Studio/netbeans/enterprise/modules/ext/javaee-api-6.0.jar" />
    <property name="ftp.nonProxyHosts" value="local|*.local|169.254/16|*.169.254/16" />
    <property name="netbeans.productversion" value="OpenESB Studio 3.1.0-SNAPSHOT (based on Netbeans 8.0.2)" />
    <property name="java.awt.headless" value="${java.awt.headless}" />
    <property name="libs.jaxws21.src" value="" />
    <property name="netbeans.autoupdate.language" value="en" />
    <property name="libs.Encoder-Framework.javadoc" value="" />
    <property name="java.vendor" value="Oracle Corporation" />
    <property name="libs.javaee-api-6.0.javadoc" value="/usr/local/OpenESB-SE-3.0.5/OE-Studio/netbeans/enterprise/docs/javaee-doc-api.jar" />
    <property name="sun.font.fontmanager" value="sun.font.CFontManager" />
    <property name="file.separator" value="/" />
    <property name="libs.Java-EE-GlassFish-v3-Prelude.maven-pom" value="" />
    <property name="libs.junit_4.maven-pom" value="" />
    <property name="netbeans.buildnumber" value="201411181905" />
    <property name="libs.JWSAntTasks.javadoc" value="" />
    <property name="libs.eclipselinkmodelgen.classpath" value="/usr/local/OpenESB-SE-3.0.5/OE-Studio/netbeans/java/modules/ext/eclipselink/org.eclipse.persistence.jpa.modelgen_2.5.2.v20140319-9ad6abd.jar" />
    <property name="libs.javaee-endorsed-api-7.0.src" value="" />
    <property name="sun.java.launcher" value="SUN_STANDARD" />
    <property name="libs.junit.classpath" value="/usr/local/OpenESB-SE-3.0.5/OE-Studio/netbeans/java/modules/ext/junit-3.8.2.jar" />
    <property name="libs.hibernate4-persistencemodelgen.javadoc" value="" />
    <property name="libs.jaxb.javadoc" value="/usr/local/OpenESB-SE-3.0.5/OE-Studio/netbeans/ide/docs/jaxb-api-doc.zip" />
    <property name="libs.struts.classpath" value="/usr/local/OpenESB-SE-3.0.5/OE-Studio/netbeans/enterprise/modules/ext/struts/antlr-2.7.2.jar:/usr/local/OpenESB-SE-3.0.5/OE-Studio/netbeans/enterprise/modules/ext/struts/bsf-2.3.0.jar:/usr/local/OpenESB-SE-3.0.5/OE-Studio/netbeans/enterprise/modules/ext/struts/commons-beanutils-1.8.0.jar:/usr/local/OpenESB-SE-3.0.5/OE-Studio/netbeans/enterprise/modules/ext/struts/commons-chain-1.2.jar:/usr/local/OpenESB-SE-3.0.5/OE-Studio/netbeans/enterprise/modules/ext/struts/commons-digester-1.8.jar:/usr/local/OpenESB-SE-3.0.5/OE-Studio/netbeans/enterprise/modules/ext/struts/commons-fileupload-1.1.1.jar:/usr/local/OpenESB-SE-3.0.5/OE-Studio/netbeans/enterprise/modules/ext/struts/commons-io-1.1.jar:/usr/local/OpenESB-SE-3.0.5/OE-Studio/netbeans/enterprise/modules/ext/struts/commons-logging-1.0.4.jar:/usr/local/OpenESB-SE-3.0.5/OE-Studio/netbeans/enterprise/modules/ext/struts/commons-validator-1.3.1.jar:/usr/local/OpenESB-SE-3.0.5/OE-Studio/netbeans/enterprise/modules/ext/struts/jstl-1.0.2.jar:/usr/local/OpenESB-SE-3.0.5/OE-Studio/netbeans/enterprise/modules/ext/struts/oro-2.0.8.jar:/usr/local/OpenESB-SE-3.0.5/OE-Studio/netbeans/enterprise/modules/ext/struts/standard-1.0.6.jar:/usr/local/OpenESB-SE-3.0.5/OE-Studio/netbeans/enterprise/modules/ext/struts/struts-core-1.3.10.jar:/usr/local/OpenESB-SE-3.0.5/OE-Studio/netbeans/enterprise/modules/ext/struts/struts-el-1.3.10.jar:/usr/local/OpenESB-SE-3.0.5/OE-Studio/netbeans/enterprise/modules/ext/struts/struts-extras-1.3.10.jar:/usr/local/OpenESB-SE-3.0.5/OE-Studio/netbeans/enterprise/modules/ext/struts/struts-faces-1.3.10.jar:/usr/local/OpenESB-SE-3.0.5/OE-Studio/netbeans/enterprise/modules/ext/struts/struts-mailreader-dao-1.3.10.jar:/usr/local/OpenESB-SE-3.0.5/OE-Studio/netbeans/enterprise/modules/ext/struts/struts-scripting-1.3.10.jar:/usr/local/OpenESB-SE-3.0.5/OE-Studio/netbeans/enterprise/modules/ext/struts/struts-taglib-1.3.10.jar:/usr/local/OpenESB-SE-3.0.5/OE-Studio/netbeans/enterprise/modules/ext/struts/struts-tiles-1.3.10.jar" />
    <property name="ant.home" value="/usr/local/OpenESB-SE-3.0.5/OE-Studio/netbeans/extide/ant" />
    <property name="libs.junit_4.src" value="/usr/local/OpenESB-SE-3.0.5/OE-Studio/netbeans/java/docs/junit-4.10-sources.jar" />
    <property name="libs.testng.classpath" value="/usr/local/OpenESB-SE-3.0.5/OE-Studio/netbeans/platform/modules/ext/testng-6.8.1-dist.jar" />
    <property name="libs.absolutelayout.maven-pom" value="" />
    <property name="ant.java.version" value="1.7" />
    <property name="java.library.path" value="/Users/BenGoodwin/Library/Java/Extensions:/Library/Java/Extensions:/Network/Library/Java/Extensions:/System/Library/Java/Extensions:/usr/lib/java:." />
    <property name="libs.metro.maven-pom" value="" />
    <property name="libs.Encoder-HL7.classpath" value="/usr/local/OpenESB-SE-3.0.5/OE-Studio/netbeans/soa/modules/ext/hl7.jar:/usr/local/OpenESB-SE-3.0.5/OE-Studio/netbeans/soa/modules/ext/hl7encoder-xsdextension.jar" />
    <property name="libs.EclipseLink-GlassFish-v3.src" value="" />
    <property name="java.util.logging.config.class" value="org.netbeans.core.startup.TopLogging" />
    <property name="libs.spring-framework400.src" value="" />
    <property name="libs.PostgreSQLDriver.src" value="" />
    <property name="ant.file.type.Epri3App-jbi-impl" value="file" />
    <property name="sun.arch.data.model" value="64" />
    <property name="basedir" value="/Users/BenGoodwin/git/nrel/Epri3App" />
    <property name="libs.jpa20-persistence.maven-pom" value="" />
    <property name="libs.javaee-web-api-7.0.classpath" value="/usr/local/OpenESB-SE-3.0.5/OE-Studio/netbeans/enterprise/modules/ext/javaee-web-api-7.0.jar" />
    <property name="path.separator" value=":" />
    <property name="libs.javaee-web-api-6.0.javadoc" value="/usr/local/OpenESB-SE-3.0.5/OE-Studio/netbeans/enterprise/docs/javaee-doc-api.jar" />
    <property name="ant.junit.enabletestlistenerevents" value="true" />
    <property name="sun.io.unicode.encoding" value="UnicodeBig" />
    <property name="libs.jaxws21.classpath" value="/usr/local/OpenESB-SE-3.0.5/OE-Studio/netbeans/ide/modules/ext/jaxb/jaxb-impl.jar:/usr/local/OpenESB-SE-3.0.5/OE-Studio/netbeans/ide/modules/ext/jaxb/jaxb-xjc.jar:/usr/local/OpenESB-SE-3.0.5/OE-Studio/netbeans/java/modules/ext/jaxws22/FastInfoset.jar:/usr/local/OpenESB-SE-3.0.5/OE-Studio/netbeans/java/modules/ext/jaxws22/gmbal-api-only.jar:/usr/local/OpenESB-SE-3.0.5/OE-Studio/netbeans/java/modules/ext/jaxws22/ha-api.jar:/usr/local/OpenESB-SE-3.0.5/OE-Studio/netbeans/java/modules/ext/jaxws22/javax.mail_1.4.jar:/usr/local/OpenESB-SE-3.0.5/OE-Studio/netbeans/java/modules/ext/jaxws22/jaxws-rt.jar:/usr/local/OpenESB-SE-3.0.5/OE-Studio/netbeans/java/modules/ext/jaxws22/jaxws-tools.jar:/usr/local/OpenESB-SE-3.0.5/OE-Studio/netbeans/java/modules/ext/jaxws22/management-api.jar:/usr/local/OpenESB-SE-3.0.5/OE-Studio/netbeans/java/modules/ext/jaxws22/mimepull.jar:/usr/local/OpenESB-SE-3.0.5/OE-Studio/netbeans/java/modules/ext/jaxws22/policy.jar:/usr/local/OpenESB-SE-3.0.5/OE-Studio/netbeans/java/modules/ext/jaxws22/saaj-impl.jar:/usr/local/OpenESB-SE-3.0.5/OE-Studio/netbeans/java/modules/ext/jaxws22/stax-ex.jar:/usr/local/OpenESB-SE-3.0.5/OE-Studio/netbeans/java/modules/ext/jaxws22/stax2-api.jar:/usr/local/OpenESB-SE-3.0.5/OE-Studio/netbeans/java/modules/ext/jaxws22/streambuffer.jar:/usr/local/OpenESB-SE-3.0.5/OE-Studio/netbeans/java/modules/ext/jaxws22/woodstox-core-asl.jar:/usr/local/OpenESB-SE-3.0.5/OE-Studio/netbeans/java/modules/ext/jaxws22/api/jaxws-api.jar:/usr/local/OpenESB-SE-3.0.5/OE-Studio/netbeans/java/modules/ext/jaxws22/api/jsr181-api.jar:/usr/local/OpenESB-SE-3.0.5/OE-Studio/netbeans/java/modules/ext/jaxws22/api/javax.annotation.jar:/usr/local/OpenESB-SE-3.0.5/OE-Studio/netbeans/java/modules/ext/jaxws22/api/saaj-api.jar:/usr/local/OpenESB-SE-3.0.5/OE-Studio/netbeans/ide/modules/ext/jaxb/activation.jar:/usr/local/OpenESB-SE-3.0.5/OE-Studio/netbeans/ide/modules/ext/jaxb/api/jaxb-api.jar:/usr/local/OpenESB-SE-3.0.5/OE-Studio/netbeans/ide/modules/ext/jaxb/api/jsr173_1.0_api.jar" />
    <property name="libs.struts.src" value="" />
    <property name="user.language" value="en" />
    <property name="libs.Encoder-Framework.src" value="" />
    <property name="libs.JAXB-ENDORSED.maven-pom" value="" />
    <property name="ant.file." value="/Users/BenGoodwin/git/nrel/Epri3App/build.xml" />
    <property name="libs.eclipselink.maven-pom" value="" />
    <property name="reference.Epri3.dist_se" value="../Epri3/build/SEDeployment.jar" />
    <property name="libs.primefaces.javadoc" value="" />
    <property name="libs.spring-framework300.maven-pom" value="" />
    <property name="ant.project.invoked-targets" value="test-single" />
    <property name="libs.Encoder-Framework.classpath" value="/usr/local/OpenESB-SE-3.0.5/OE-Studio/netbeans/soa/modules/ext/encoderframework.jar:/usr/local/OpenESB-SE-3.0.5/OE-Studio/netbeans/soa/modules/ext/encoderfrmwk-xsdextension.jar:/usr/local/OpenESB-SE-3.0.5/OE-Studio/netbeans/soa/modules/ext/xbean.jar" />
    <property name="libs.swing-layout.javadoc" value="/usr/local/OpenESB-SE-3.0.5/OE-Studio/netbeans/platform/docs/swing-layout-1.0.4-doc.zip" />
    <property name="sun.java2d.d3d" value="false" />
    <property name="libs.hibernate4-persistence.maven-pom" value="" />
    <property name="libs.proguard.classpath" value="/Users/BenGoodwin/Library/Application Support/OpenESB_Studio/3.1.0-SNAPSHOT/external/proguard/proguard4.10.jar" />
    <property name="gopherProxySet" value="false" />
    <property name="libs.DataBindingME-SVG.classpath" value="/Users/BenGoodwin/Library/Application Support/OpenESB_Studio/3.1.0-SNAPSHOT/modules/ext/netbeans_databindingme_svg.jar" />
    <property name="libs.PostgreSQLDriver.maven-pom" value="" />
    <property name="java.class.version" value="51.0" />
    <property name="libs.JAVADB_DRIVER_LABEL.classpath" value="/Library/Java/JavaVirtualMachines/jdk1.7.0_45.jdk/Contents/Home/db/lib/derby.jar:/Library/Java/JavaVirtualMachines/jdk1.7.0_45.jdk/Contents/Home/db/lib/derbyclient.jar:/Library/Java/JavaVirtualMachines/jdk1.7.0_45.jdk/Contents/Home/db/lib/derbynet.jar" />
    <property name="ant.file.Epri3App-jbi-impl" value="/Users/BenGoodwin/git/nrel/Epri3App/nbproject/build-impl.xml" />
    <property name="libs.hibernate4-persistencemodelgen.maven-pom" value="" />
    <property name="libs.javaee-endorsed-api-6.0.src" value="" />
    <property name="libs.eclipselink.javadoc" value="/usr/local/OpenESB-SE-3.0.5/OE-Studio/netbeans/java/modules/ext/docs/javax.persistence-2.1.0-doc.zip" />
    <property name="libs.jsp-compilation.maven-pom" value="" />
    <property name="user.properties.file" value="/Users/BenGoodwin/Library/Application Support/OpenESB_Studio/3.1.0-SNAPSHOT/build.properties" />
    <property name="libs.javac-api.maven-pom" value="" />
    <property name="file.encoding.pkg" value="sun.io" />
    <property name="sun.cpu.endian" value="little" />
    <property name="libs.JAXB-ENDORSED.javadoc" value="" />
    <property name="libs.JWSAntTasks.classpath" value="/usr/local/OpenESB-SE-3.0.5/OE-Studio/netbeans/java/ant/extra/org-netbeans-modules-javawebstart-anttasks.jar" />
    <property name="libs.spring-webmvc4.0.maven-pom" value="" />
    <property name="libs.spring-framework300.src" value="" />
    <property name="libs.PojoSELib.src" value="/usr/local/OpenESB-SE-3.0.5/OE-Studio/netbeans/soa/modules/ext/sun-pojo-engine-api-src.jar" />
    <property name="libs.jstl.src" value="" />
    <property name="libs.hibernate4-persistencemodelgen.src" value="" />
    <property name="socksNonProxyHosts" value="local|*.local|169.254/16|*.169.254/16" />
    <property name="libs.jpa20-persistence.javadoc" value="/usr/local/OpenESB-SE-3.0.5/OE-Studio/netbeans/java/modules/ext/docs/javax.persistence-2.1.0-doc.zip" />
    <property name="nbplatform.default.harness.dir" value="/usr/local/OpenESB-SE-3.0.5/OE-Studio/netbeans/harness" />
    <property name="java.home" value="/Library/Java/JavaVirtualMachines/jdk1.7.0_45.jdk/Contents/Home/jre" />
    <property name="project.Epri3" value="../Epri3" />
    <property name="libs.jsp-compilation.src" value="" />
    <property name="libs.javaee-endorsed-api-6.0.classpath" value="/usr/local/OpenESB-SE-3.0.5/OE-Studio/netbeans/enterprise/modules/ext/javaee6-endorsed/javax.annotation.jar:/usr/local/OpenESB-SE-3.0.5/OE-Studio/netbeans/enterprise/modules/ext/javaee6-endorsed/jaxb-api-osgi.jar:/usr/local/OpenESB-SE-3.0.5/OE-Studio/netbeans/enterprise/modules/ext/javaee6-endorsed/webservices-api-osgi.jar" />
    <property name="libs.javaee-api-6.0.src" value="" />
    <property name="ant.project.default-target" value="default" />
    <property name="libs.DataBindingME.maven-pom" value="" />
    <property name="libs.PostgreSQLDriver.javadoc" value="" />
    <property name="libs.restlib.classpath" value="/usr/local/OpenESB-SE-3.0.5/OE-Studio/netbeans/enterprise/modules/ext/jersey2/ext/asm-all-repackaged-2.2.0-b21.jar:/usr/local/OpenESB-SE-3.0.5/OE-Studio/netbeans/enterprise/modules/ext/jersey2/ext/cglib-2.2.0-b21.jar:/usr/local/OpenESB-SE-3.0.5/OE-Studio/netbeans/enterprise/modules/ext/jersey2/ext/guava-14.0.1.jar:/usr/local/OpenESB-SE-3.0.5/OE-Studio/netbeans/enterprise/modules/ext/jersey2/ext/hk2-api-2.2.0-b21.jar:/usr/local/OpenESB-SE-3.0.5/OE-Studio/netbeans/enterprise/modules/ext/jersey2/ext/hk2-locator-2.2.0-b21.jar:/usr/local/OpenESB-SE-3.0.5/OE-Studio/netbeans/enterprise/modules/ext/jersey2/ext/hk2-utils-2.2.0-b21.jar:/usr/local/OpenESB-SE-3.0.5/OE-Studio/netbeans/enterprise/modules/ext/jersey2/ext/javax.annotation-api-1.2.jar:/usr/local/OpenESB-SE-3.0.5/OE-Studio/netbeans/enterprise/modules/ext/jersey2/ext/javax.inject-2.2.0-b21.jar:/usr/local/OpenESB-SE-3.0.5/OE-Studio/netbeans/enterprise/modules/ext/jersey2/ext/javax.servlet-api-3.0.1.jar:/usr/local/OpenESB-SE-3.0.5/OE-Studio/netbeans/enterprise/modules/ext/jersey2/ext/jaxb-api-2.2.7.jar:/usr/local/OpenESB-SE-3.0.5/OE-Studio/netbeans/enterprise/modules/ext/jersey2/ext/jersey-entity-filtering-2.5.1.jar:/usr/local/OpenESB-SE-3.0.5/OE-Studio/netbeans/enterprise/modules/ext/jersey2/ext/jersey-media-moxy-2.5.1.jar:/usr/local/OpenESB-SE-3.0.5/OE-Studio/netbeans/enterprise/modules/ext/jersey2/ext/org.osgi.core-4.2.0.jar:/usr/local/OpenESB-SE-3.0.5/OE-Studio/netbeans/enterprise/modules/ext/jersey2/ext/osgi-resource-locator-1.0.1.jar:/usr/local/OpenESB-SE-3.0.5/OE-Studio/netbeans/enterprise/modules/ext/jersey2/ext/persistence-api-1.0.jar:/usr/local/OpenESB-SE-3.0.5/OE-Studio/netbeans/enterprise/modules/ext/jersey2/ext/validation-api-1.1.0.Final.jar:/usr/local/OpenESB-SE-3.0.5/OE-Studio/netbeans/enterprise/modules/ext/jersey2/jersey-client.jar:/usr/local/OpenESB-SE-3.0.5/OE-Studio/netbeans/enterprise/modules/ext/jersey2/jersey-common.jar:/usr/local/OpenESB-SE-3.0.5/OE-Studio/netbeans/enterprise/modules/ext/jersey2/jersey-container-servlet.jar:/usr/local/OpenESB-SE-3.0.5/OE-Studio/netbeans/enterprise/modules/ext/jersey2/jersey-container-servlet-core.jar:/usr/local/OpenESB-SE-3.0.5/OE-Studio/netbeans/enterprise/modules/ext/jersey2/jersey-server.jar:/usr/local/OpenESB-SE-3.0.5/OE-Studio/netbeans/java/modules/ext/eclipselink/eclipselink.jar" />
    <property name="jbi.service-unit.description" value="Represents this Service Unit" />
    <property name="libs.MySQLDriver.maven-pom" value="" />
    <property name="libs.hibernate4-persistence.javadoc" value="/usr/local/OpenESB-SE-3.0.5/OE-Studio/netbeans/java/modules/ext/docs/javax.persistence-2.1.0-doc.zip" />
    <property name="http.nonProxyHosts" value="local|*.local|169.254/16|*.169.254/16" />
    <property name="libs.junit_4.javadoc" value="/usr/local/OpenESB-SE-3.0.5/OE-Studio/netbeans/java/docs/junit-4.10-javadoc.jar" />
    <property name="test.results.dir" value="/Users/BenGoodwin/git/nrel/Epri3App/test/results" />
    <property name="libs.EclipseLink-GlassFish-v3.maven-pom" value="" />
    <property name="libs.javaee-web-api-6.0.maven-pom" value="" />
    <property name="jna.boot.library.name" value="jnidispatch-410" />
    <property name="libs.javaee-endorsed-api-6.0.javadoc" value="/usr/local/OpenESB-SE-3.0.5/OE-Studio/netbeans/enterprise/docs/javaee-doc-api.jar" />
    <property name="libs.javaee-api-7.0.classpath" value="/usr/local/OpenESB-SE-3.0.5/OE-Studio/netbeans/enterprise/modules/ext/javaee-api-7.0.jar" />
    <property name="sun.awt.datatransfer.timeout" value="1000" />
    <property name="libs.PojoSELib.classpath" value="/usr/local/OpenESB-SE-3.0.5/OE-Studio/netbeans/soa/modules/ext/sun-pojo-engine-api.jar:/usr/local/OpenESB-SE-3.0.5/OE-Studio/netbeans/soa/modules/ext/jbi.jar" />
    <property name="ant.file.type." value="file" />
    <property name="libs.spring-webmvc3.0.javadoc" value="" />
    <property name="libs.jpa2-persistence.maven-pom" value="" />
    <property name="libs.hibernate4-support.classpath" value="/usr/local/OpenESB-SE-3.0.5/OE-Studio/netbeans/java/modules/ext/hibernate4/antlr-2.7.7.jar:/usr/local/OpenESB-SE-3.0.5/OE-Studio/netbeans/java/modules/ext/hibernate4/c3p0-0.9.2.1.jar:/usr/local/OpenESB-SE-3.0.5/OE-Studio/netbeans/java/modules/ext/hibernate4/hibernate-c3p0-4.3.1.Final.jar:/usr/local/OpenESB-SE-3.0.5/OE-Studio/netbeans/java/modules/ext/hibernate4/mchange-commons-java-0.2.3.4.jar:/usr/local/OpenESB-SE-3.0.5/OE-Studio/netbeans/java/modules/ext/hibernate4/dom4j-1.6.1.jar:/usr/local/OpenESB-SE-3.0.5/OE-Studio/netbeans/java/modules/ext/hibernate4/ehcache-core-2.4.3.jar:/usr/local/OpenESB-SE-3.0.5/OE-Studio/netbeans/java/modules/ext/hibernate4/hibernate-ehcache-4.3.1.Final.jar:/usr/local/OpenESB-SE-3.0.5/OE-Studio/netbeans/java/modules/ext/hibernate4/hibernate-core-4.3.1.Final.jar:/usr/local/OpenESB-SE-3.0.5/OE-Studio/netbeans/java/modules/ext/hibernate4/jboss-logging-3.1.3.GA.jar:/usr/local/OpenESB-SE-3.0.5/OE-Studio/netbeans/java/modules/ext/hibernate4/hibernate-commons-annotations-4.0.4.Final.jar:/usr/local/OpenESB-SE-3.0.5/OE-Studio/netbeans/java/modules/ext/hibernate4/hibernate-entitymanager-4.3.1.Final.jar:/usr/local/OpenESB-SE-3.0.5/OE-Studio/netbeans/java/modules/ext/hibernate4/javassist-3.18.1-GA.jar:/usr/local/OpenESB-SE-3.0.5/OE-Studio/netbeans/java/modules/ext/hibernate4/jboss-transaction-api_1.2_spec-1.0.0.Final.jar:/usr/local/OpenESB-SE-3.0.5/OE-Studio/netbeans/java/modules/ext/hibernate4/slf4j-api-1.6.1.jar:/usr/local/OpenESB-SE-3.0.5/OE-Studio/netbeans/java/modules/ext/hibernate4/slf4j-simple-1.6.1.jar" />
    <property name="nb.native.filechooser" value="false" />
    <property name="libs.restapi.src" value="" />
    <property name="sun.management.compiler" value="HotSpot 64-Bit Tiered Compilers" />
    <property name="libs.j2me_common_ant.javadoc" value="" />
    <property name="sun.java2d.noddraw" value="true" />
    <property name="libs.jsp-compiler.classpath" value="/usr/local/OpenESB-SE-3.0.5/OE-Studio/netbeans/enterprise/ant/extra/jspcompile.jar" />
    <property name="ant.file" value="/Users/BenGoodwin/git/nrel/Epri3App/build.xml" />
    <property name="libs.beans-binding.maven-pom" value="" />
    <property name="com.sun.jbi.routing.bc.autoconnect" value="true" />
    <property name="libs.hibernate4-support.javadoc" value="/usr/local/OpenESB-SE-3.0.5/OE-Studio/netbeans/java/modules/ext/docs/javax.persistence-2.1.0-doc.zip" />
    <property name="libs.jsf12.classpath" value="/usr/local/OpenESB-SE-3.0.5/OE-Studio/netbeans/enterprise/modules/ext/jsf-1_2/commons-beanutils.jar:/usr/local/OpenESB-SE-3.0.5/OE-Studio/netbeans/enterprise/modules/ext/jsf-1_2/commons-collections.jar:/usr/local/OpenESB-SE-3.0.5/OE-Studio/netbeans/enterprise/modules/ext/jsf-1_2/commons-digester.jar:/usr/local/OpenESB-SE-3.0.5/OE-Studio/netbeans/enterprise/modules/ext/jsf-1_2/commons-logging.jar:/usr/local/OpenESB-SE-3.0.5/OE-Studio/netbeans/enterprise/modules/ext/jsf-1_2/jsf-api.jar:/usr/local/OpenESB-SE-3.0.5/OE-Studio/netbeans/enterprise/modules/ext/jsf-1_2/jsf-impl.jar" />
    <property name="libs.Java-EE-GlassFish-v3-Prelude.classpath" value="/usr/local/glassfish4/mq/lib/jaxm-api.jar:/usr/local/glassfish4/glassfish/modules/endorsed/javax.annotation-api.jar:/usr/local/glassfish4/glassfish/modules/endorsed/jaxb-api.jar:/usr/local/glassfish4/glassfish/modules/endorsed/webservices-api-osgi.jar:/usr/local/glassfish4/glassfish/modules/bean-validator.jar:/usr/local/glassfish4/glassfish/modules/javax.batch-api.jar:/usr/local/glassfish4/glassfish/modules/javax.ejb-api.jar:/usr/local/glassfish4/glassfish/modules/javax.el.jar:/usr/local/glassfish4/glassfish/modules/javax.enterprise.concurrent-api.jar:/usr/local/glassfish4/glassfish/modules/javax.enterprise.concurrent.jar:/usr/local/glassfish4/glassfish/modules/javax.enterprise.deploy-api.jar:/usr/local/glassfish4/glassfish/modules/javax.faces.jar:/usr/local/glassfish4/glassfish/modules/javax.inject.jar:/usr/local/glassfish4/glassfish/modules/javax.interceptor-api.jar:/usr/local/glassfish4/glassfish/modules/javax.jms-api.jar:/usr/local/glassfish4/glassfish/modules/javax.json.jar:/usr/local/glassfish4/glassfish/modules/javax.mail.jar:/usr/local/glassfish4/glassfish/modules/javax.management.j2ee-api.jar:/usr/local/glassfish4/glassfish/modules/javax.persistence.jar:/usr/local/glassfish4/glassfish/modules/javax.resource-api.jar:/usr/local/glassfish4/glassfish/modules/javax.security.auth.message-api.jar:/usr/local/glassfish4/glassfish/modules/javax.security.jacc-api.jar:/usr/local/glassfish4/glassfish/modules/javax.servlet-api.jar:/usr/local/glassfish4/glassfish/modules/javax.servlet.jsp-api.jar:/usr/local/glassfish4/glassfish/modules/javax.servlet.jsp.jar:/usr/local/glassfish4/glassfish/modules/javax.servlet.jsp.jstl-api.jar:/usr/local/glassfish4/glassfish/modules/javax.servlet.jsp.jstl.jar:/usr/local/glassfish4/glassfish/modules/javax.transaction-api.jar:/usr/local/glassfish4/glassfish/modules/javax.websocket-api.jar:/usr/local/glassfish4/glassfish/modules/javax.ws.rs-api.jar:/usr/local/glassfish4/glassfish/modules/javax.xml.registry-api.jar:/usr/local/glassfish4/glassfish/modules/javax.xml.rpc-api.jar:/usr/local/glassfish4/glassfish/modules/jaxb-osgi.jar:/usr/local/glassfish4/glassfish/modules/webservices-osgi.jar:/usr/local/glassfish4/glassfish/modules/weld-osgi-bundle.jar" />
    <property name="libs.Encoder-HL7.src" value="" />
    <property name="libs.jstl.maven-pom" value="" />
    <property name="GenerateATSOutput" value="${generate.ats.output}" />
    <property name="libs.restapi.maven-pom" value="" />
    <property name="no.catd.context" value="true" />
    <property name="libs.beans-binding.src" value="" />
    <property name="java.vm.specification.vendor" value="Oracle Corporation" />
    <property name="libs.DataBindingME-PIM.javadoc" value="/Users/BenGoodwin/Library/Application Support/OpenESB_Studio/3.1.0-SNAPSHOT/modules/docs/netbeans_databindingme_pim-api.zip" />
    <property name="libs.swing-layout.src" value="/usr/local/OpenESB-SE-3.0.5/OE-Studio/netbeans/platform/docs/swing-layout-1.0.4-src.zip" />
    <property name="org.openide.major.version" value="IDE/1" />
    <property name="java.vm.name" value="Java HotSpot(TM) 64-Bit Server VM" />
    <property name="libs.Encoder-Custom.maven-pom" value="" />
    <property name="netbeans.user" value="/Users/BenGoodwin/Library/Application Support/OpenESB_Studio/3.1.0-SNAPSHOT" />
    <property name="java.io.tmpdir" value="/var/folders/xm/gdf4xfjj69g6g9j_f6lg32jh0000gn/T/" />
    <property name="java.vendor.url" value="http://java.oracle.com/" />
    <property name="libs.jsp-compiler.src" value="" />
    <property name="libs.Encoder-COCO.src" value="" />
    <property name="sun.boot.library.path" value="/Library/Java/JavaVirtualMachines/jdk1.7.0_45.jdk/Contents/Home/jre/lib" />
    <property name="libs.jsf20.classpath" value="/usr/local/OpenESB-SE-3.0.5/OE-Studio/netbeans/enterprise/modules/ext/jsf-2_2/javax.faces.jar" />
    <property name="src.build.dir" value="src/jbiServiceUnits" />
    <property name="libs.DataBindingME-SVG.src" value="/Users/BenGoodwin/Library/Application Support/OpenESB_Studio/3.1.0-SNAPSHOT/sources/netbeans_databindingme_svg-src.zip" />
    <property name="dist.jar" value="dist/Epri3App.zip" />
    <property name="libs.spring-framework400.maven-pom" value="" />
    <property name="java.runtime.name" value="Java(TM) SE Runtime Environment" />
    <property name="ant.project.name" value="" />
    <property name="libs.PojoSELib.javadoc" value="/usr/local/OpenESB-SE-3.0.5/OE-Studio/netbeans/soa/modules/ext/sun-pojo-engine-api-javadoc.jar" />
    <property name="netbeans.hash.code" value="unique=0658e1b99-05c6-4f4d-9847-3850f6223d3e" />
    <property name="libs.jsp-compilation-syscp.maven-pom" value="" />
    <property name="sun.cpu.isalist" value="" />
    <property name="libs.spring-framework400.javadoc" value="" />
    <property name="libs.CopyLibs.javadoc" value="" />
    <property name="org.openide.specification.version" value="6.2" />
    <property name="libs.DataBindingME-PIM.classpath" value="/Users/BenGoodwin/Library/Application Support/OpenESB_Studio/3.1.0-SNAPSHOT/modules/ext/netbeans_databindingme_pim.jar" />
    <property name="user.home" value="/Users/BenGoodwin" />
    <property name="libs.primefaces.maven-pom" value="" />
    <property name="com.sun.jbi.routing" value="true" />
    <property name="libs.javaee-api-6.0.maven-pom" value="" />
    <property name="libs.JWSAntTasks.src" value="" />
    <property name="libs.CopyLibs.maven-pom" value="" />
    <property name="libs.spring-framework300.javadoc" value="" />
    <property name="libs.absolutelayout.javadoc" value="" />
    <property name="java.specification.name" value="Java Platform API Specification" />
    <property name="libs.Encoder-COCO.maven-pom" value="" />
    <property name="ide.module.install.dir" value="/usr/local/OpenESB-SE-3.0.5/OE-Studio/netbeans/ide/modules" />
    <property name="java.specification.vendor" value="Oracle Corporation" />
    <property name="libs.javac-api.classpath" value="/usr/local/OpenESB-SE-3.0.5/OE-Studio/netbeans/java/modules/ext/nb-javac-api.jar" />
    <property name="java.version" value="1.7.0_45" />
    <property name="libs.MySQLDriver.javadoc" value="" />
    <property name="org.openide.version" value="deprecated" />
    <property name="source.encoding" value="UTF-8" />
    <property name="libs.eclipselinkmodelgen.maven-pom" value="" />
    <property name="libs.jsp-compilation-syscp.javadoc" value="" />
    <property name="server.password" value="admin" />
    <property name="libs.junit.maven-pom" value="" />
    <property name="libs.eclipselinkmodelgen.javadoc" value="" />
    <property name="libs.javaee-endorsed-api-7.0.classpath" value="/usr/local/OpenESB-SE-3.0.5/OE-Studio/netbeans/enterprise/modules/ext/javaee7-endorsed/javax.annotation-api.jar:/usr/local/OpenESB-SE-3.0.5/OE-Studio/netbeans/enterprise/modules/ext/javaee7-endorsed/javax.xml.soap-api.jar:/usr/local/OpenESB-SE-3.0.5/OE-Studio/netbeans/enterprise/modules/ext/javaee7-endorsed/jaxb-api-osgi.jar:/usr/local/OpenESB-SE-3.0.5/OE-Studio/netbeans/enterprise/modules/ext/javaee7-endorsed/jaxws-api.jar:/usr/local/OpenESB-SE-3.0.5/OE-Studio/netbeans/enterprise/modules/ext/javaee7-endorsed/jsr181-api.jar" />
    <property name="libs.metro.javadoc" value="/usr/local/OpenESB-SE-3.0.5/OE-Studio/netbeans/enterprise/docs/metro-1.4-doc.zip" />
    <property name="libs.struts.maven-pom" value="" />
    <property name="libs.testng.maven-pom" value="" />
    <property name="NetBeansUserDir" value="/Users/BenGoodwin/Library/Application Support/OpenESB_Studio/3.1.0-SNAPSHOT" />
    <property name="test.dir" value="test" />
    <property name="libs.jaxb.src" value="" />
    <property name="libs.Encoder-HL7.maven-pom" value="" />
    <property name="libs.jaxb.classpath" value="/usr/local/OpenESB-SE-3.0.5/OE-Studio/netbeans/ide/modules/ext/jaxb/jaxb-impl.jar:/usr/local/OpenESB-SE-3.0.5/OE-Studio/netbeans/ide/modules/ext/jaxb/jaxb-xjc.jar:/usr/local/OpenESB-SE-3.0.5/OE-Studio/netbeans/ide/modules/ext/jaxb/jaxb1-impl.jar:/usr/local/OpenESB-SE-3.0.5/OE-Studio/netbeans/ide/modules/ext/jaxb/activation.jar:/usr/local/OpenESB-SE-3.0.5/OE-Studio/netbeans/ide/modules/ext/jaxb/api/jaxb-api.jar:/usr/local/OpenESB-SE-3.0.5/OE-Studio/netbeans/ide/modules/ext/jaxb/api/jsr173_1.0_api.jar" />
    <property name="libs.j2me_common_ant.classpath" value="/Users/BenGoodwin/Library/Application Support/OpenESB_Studio/3.1.0-SNAPSHOT/modules/org-netbeans-modules-j2me-common-ant.jar:/usr/local/OpenESB-SE-3.0.5/OE-Studio/netbeans/java/modules/org-netbeans-modules-classfile.jar" />
    <property name="libs.swing-layout.classpath" value="/usr/local/OpenESB-SE-3.0.5/OE-Studio/netbeans/platform/modules/ext/swing-layout-1.0.4.jar" />
    <property name="libs.spring-webmvc3.0.classpath" value="/usr/local/OpenESB-SE-3.0.5/OE-Studio/netbeans/java/modules/ext/spring-3.0/spring-webmvc-3.2.7.RELEASE.jar" />
    <property name="libs.javaee-web-api-7.0.maven-pom" value="" />
    <property name="libs.restlib.src" value="" />
    <property name="build.generated.dir" value="build/generated" />
    <property name="libs.proguard.src" value="" />
    <property name="line.separator" value="&#xa;" />
    <property name="java.specification.version" value="1.7" />
    <property name="libs.jaxws21.maven-pom" value="" />
    <property name="java.vm.info" value="mixed mode" />
    <property name="sun.boot.class.path" value="/Library/Java/JavaVirtualMachines/jdk1.7.0_45.jdk/Contents/Home/jre/lib/resources.jar:/Library/Java/JavaVirtualMachines/jdk1.7.0_45.jdk/Contents/Home/jre/lib/rt.jar:/Library/Java/JavaVirtualMachines/jdk1.7.0_45.jdk/Contents/Home/jre/lib/sunrsasign.jar:/Library/Java/JavaVirtualMachines/jdk1.7.0_45.jdk/Contents/Home/jre/lib/jsse.jar:/Library/Java/JavaVirtualMachines/jdk1.7.0_45.jdk/Contents/Home/jre/lib/jce.jar:/Library/Java/JavaVirtualMachines/jdk1.7.0_45.jdk/Contents/Home/jre/lib/charsets.jar:/Library/Java/JavaVirtualMachines/jdk1.7.0_45.jdk/Contents/Home/jre/lib/jfr.jar:/Library/Java/JavaVirtualMachines/jdk1.7.0_45.jdk/Contents/Home/jre/lib/JObjC.jar:/Library/Java/JavaVirtualMachines/jdk1.7.0_45.jdk/Contents/Home/jre/classes" />
    <property name="src.dir" value="src/jbiasa" />
    <property name="libs.Encoder-Framework.maven-pom" value="" />
    <property name="libs.jpa2-persistence.src" value="" />
    <property name="libs.jsf20.src" value="" />
    <property name="libs.jpa20-persistence.src" value="" />
    <property name="libs.proguard.maven-pom" value="" />
    <property name="libs.jsf12.src" value="" />
    <property name="libs.DataBindingME-SVG.maven-pom" value="" />
    <property name="libs.JAVADB_DRIVER_LABEL.maven-pom" value="" />
    <property name="nbplatform.default.netbeans.dest.dir" value="/usr/local/OpenESB-SE-3.0.5/OE-Studio/netbeans" />
    <property name="libs.struts.javadoc" value="/usr/local/OpenESB-SE-3.0.5/OE-Studio/netbeans/enterprise/docs/struts-1.3.10-javadoc.zip" />
    <property name="libs.Comet-GlassFish-v3.classpath" value="/usr/local/glassfish3/glassfish/modules/grizzly-comet.jar" />
    <property name="libs.javaee-web-api-7.0.src" value="" />
    <property name="libs.primefaces.src" value="" />
    <property name="dist.dir" value="dist" />
    <property name="inDebug" value="${inDebug}" />
    <property name="org.netbeans.modules.compapp.catd.context" value="" />
    <property name="java.awt.printerjob" value="sun.lwawt.macosx.CPrinterJob" />
    <property name="default.javac.source" value="1.7" />
    <property name="libs.MySQLDriver.src" value="" />
    <property name="sun.jnu.encoding" value="UTF-8" />
    <property name="jbi.service-assembly.id" value="Epri3App" />
    <property name="libs.Encoder-COCO.javadoc" value="" />
    <property name="java.runtime.version" value="1.7.0_45-b18" />
    <property name="jna.platform.library.path" value="/usr/lib:/usr/lib" />
    <property name="jbi.service-assembly.description" value="Represents the Service Assembly of Epri3App" />
    <property name="default.javac.target" value="1.7" />
    <property name="libs.junit_4.classpath" value="/usr/local/OpenESB-SE-3.0.5/OE-Studio/netbeans/platform/modules/ext/junit-4.10.jar" />
    <property name="user.timezone" value="" />
    <property name="java.module.install.dir" value="/usr/local/OpenESB-SE-3.0.5/OE-Studio/netbeans/java/modules" />
    <property name="libs.javaee-endorsed-api-6.0.maven-pom" value="" />
    <property name="libs.JAVADB_DRIVER_LABEL.javadoc" value="" />
    <property name="netbeans.dirs" value="/usr/local/OpenESB-SE-3.0.5/OE-Studio/netbeans/bin/../soa:/usr/local/OpenESB-SE-3.0.5/OE-Studio/netbeans/bin/../extide:/usr/local/OpenESB-SE-3.0.5/OE-Studio/netbeans/bin/../apisupport:/usr/local/OpenESB-SE-3.0.5/OE-Studio/netbeans/bin/../enterprise:/usr/local/OpenESB-SE-3.0.5/OE-Studio/netbeans/bin/../ergonomics:/usr/local/OpenESB-SE-3.0.5/OE-Studio/netbeans/bin/../harness:/usr/local/OpenESB-SE-3.0.5/OE-Studio/netbeans/bin/../ide:/usr/local/OpenESB-SE-3.0.5/OE-Studio/netbeans/bin/../java:/usr/local/OpenESB-SE-3.0.5/OE-Studio/netbeans/bin/../nb:/usr/local/OpenESB-SE-3.0.5/OE-Studio/netbeans/bin/../profiler:/usr/local/OpenESB-SE-3.0.5/OE-Studio/netbeans/bin/../webcommon:/usr/local/OpenESB-SE-3.0.5/OE-Studio/netbeans/bin/../websvccommon:" />
    <property name="libs.jstl.javadoc" value="/usr/local/OpenESB-SE-3.0.5/OE-Studio/netbeans/enterprise/docs/javaee-doc-api.jar" />
    <property name="libs.jsf20.javadoc" value="/usr/local/OpenESB-SE-3.0.5/OE-Studio/netbeans/enterprise/docs/javaee-doc-api.jar" />
    <property name="java.ext.dirs" value="/Users/BenGoodwin/Library/Java/Extensions:/Library/Java/JavaVirtualMachines/jdk1.7.0_45.jdk/Contents/Home/jre/lib/ext:/Library/Java/Extensions:/Network/Library/Java/Extensions:/System/Library/Java/Extensions:/usr/lib/java" />
    <property name="libs.metro.src" value="" />
    <property name="libs.absolutelayout.classpath" value="/usr/local/OpenESB-SE-3.0.5/OE-Studio/netbeans/java/modules/ext/AbsoluteLayout.jar" />
    <property name="libs.metro.classpath" value="/usr/local/OpenESB-SE-3.0.5/OE-Studio/netbeans/ide/modules/ext/jaxb/activation.jar:/usr/local/OpenESB-SE-3.0.5/OE-Studio/netbeans/enterprise/modules/ext/metro/webservices-api.jar:/usr/local/OpenESB-SE-3.0.5/OE-Studio/netbeans/enterprise/modules/ext/metro/webservices-extra-api.jar:/usr/local/OpenESB-SE-3.0.5/OE-Studio/netbeans/enterprise/modules/ext/metro/webservices-extra.jar:/usr/local/OpenESB-SE-3.0.5/OE-Studio/netbeans/enterprise/modules/ext/metro/webservices-rt.jar:/usr/local/OpenESB-SE-3.0.5/OE-Studio/netbeans/enterprise/modules/ext/metro/webservices-tools.jar" />
    <property name="libs.restlib.maven-pom" value="" />
    <property name="libs.jpa2-persistence.javadoc" value="/usr/local/OpenESB-SE-3.0.5/OE-Studio/netbeans/java/modules/ext/docs/javax.persistence-2.1.0-doc.zip" />
    <property name="libs.DataBindingME.javadoc" value="/Users/BenGoodwin/Library/Application Support/OpenESB_Studio/3.1.0-SNAPSHOT/modules/docs/netbeans_databindingme-api.zip" />
    <property name="apple.laf.useScreenMenuBar" value="true" />
    <property name="jbi.content.component" value="sun-bpel-engine" />
    <property name="java.class.path" value="/usr/local/OpenESB-SE-3.0.5/OE-Studio/netbeans/soa/modules/org-netbeans-modules-compapp-manager-jbi.jar:/usr/local/OpenESB-SE-3.0.5/OE-Studio/netbeans/soa/modules/org-netbeans-modules-compapp-projects-jbi.jar:/usr/local/OpenESB-SE-3.0.5/OE-Studio/netbeans/soa/modules/ext/jbi-admin-common.jar:/usr/local/OpenESB-SE-3.0.5/OE-Studio/netbeans/soa/modules/ext/catd.jar:/usr/local/OpenESB-SE-3.0.5/OE-Studio/netbeans/java/modules/ext/junit-3.8.2.jar:/usr/local/OpenESB-SE-3.0.5/OE-Studio/netbeans/java/modules/ext/jaxws22/api/saaj-api.jar:/usr/local/OpenESB-SE-3.0.5/OE-Studio/netbeans/java/modules/ext/jaxws22/saaj-impl.jar:/usr/local/OpenESB-SE-3.0.5/OE-Studio/netbeans/java/modules/ext/jaxws22/FastInfoset.jar:/usr/local/OpenESB-SE-3.0.5/OE-Studio/netbeans/ide/modules/org-netbeans-modules-editor-lib.jar:/usr/local/OpenESB-SE-3.0.5/OE-Studio/netbeans/ide/modules/org-netbeans-modules-editor.jar:/usr/local/OpenESB-SE-3.0.5/OE-Studio/netbeans/ide/modules/org-netbeans-modules-editor-deprecated-pre65formatting.jar:/usr/local/OpenESB-SE-3.0.5/OE-Studio/netbeans/ide/modules/org-netbeans-modules-editor-util.jar:/usr/local/OpenESB-SE-3.0.5/OE-Studio/netbeans/ide/modules/org-netbeans-modules-editor-lib2.jar:/usr/local/OpenESB-SE-3.0.5/OE-Studio/netbeans/ide/modules/org-netbeans-modules-editor-indent.jar:/usr/local/OpenESB-SE-3.0.5/OE-Studio/netbeans/ide/modules/org-netbeans-modules-editor-plain.jar:/usr/local/OpenESB-SE-3.0.5/OE-Studio/netbeans/ide/modules/org-netbeans-modules-editor-plain-lib.jar:/usr/local/OpenESB-SE-3.0.5/OE-Studio/netbeans/ide/modules/org-netbeans-modules-editor-settings.jar:/usr/local/OpenESB-SE-3.0.5/OE-Studio/netbeans/ide/modules/org-netbeans-modules-editor-settings-storage.jar:/usr/local/OpenESB-SE-3.0.5/OE-Studio/netbeans/ide/modules/org-netbeans-modules-lexer.jar:/usr/local/OpenESB-SE-3.0.5/OE-Studio/netbeans/ide/modules/org-netbeans-modules-xml-core.jar:/usr/local/OpenESB-SE-3.0.5/OE-Studio/netbeans/ide/modules/org-netbeans-modules-xml-lexer.jar:/usr/local/OpenESB-SE-3.0.5/OE-Studio/netbeans/ide/modules/org-netbeans-modules-xml-text.jar:/usr/local/OpenESB-SE-3.0.5/OE-Studio/netbeans/ide/modules/org-netbeans-modules-xml-xdm.jar:/usr/local/OpenESB-SE-3.0.5/OE-Studio/netbeans/ide/modules/org-netbeans-modules-xml-xam.jar:/usr/local/OpenESB-SE-3.0.5/OE-Studio/netbeans/ide/modules/org-netbeans-modules-csl-api.jar:/usr/local/OpenESB-SE-3.0.5/OE-Studio/netbeans/ide/modules/ext/jaxb/activation.jar:/usr/local/OpenESB-SE-3.0.5/OE-Studio/netbeans/platform/lib/org-openide-modules.jar:/usr/local/OpenESB-SE-3.0.5/OE-Studio/netbeans/platform/lib/org-openide-util.jar:/usr/local/OpenESB-SE-3.0.5/OE-Studio/netbeans/platform/lib/org-openide-util-lookup.jar:/usr/local/OpenESB-SE-3.0.5/OE-Studio/netbeans/platform/modules/org-openide-awt.jar:/usr/local/OpenESB-SE-3.0.5/OE-Studio/netbeans/platform/modules/org-openide-options.jar:/usr/local/OpenESB-SE-3.0.5/OE-Studio/netbeans/platform/modules/org-openide-text.jar:/usr/local/OpenESB-SE-3.0.5/OE-Studio/netbeans/platform/modules/org-openide-loaders.jar:/usr/local/OpenESB-SE-3.0.5/OE-Studio/netbeans/platform/modules/org-openide-nodes.jar:/usr/local/OpenESB-SE-3.0.5/OE-Studio/netbeans/platform/modules/org-netbeans-modules-editor-mimelookup.jar:/usr/local/OpenESB-SE-3.0.5/OE-Studio/netbeans/platform/modules/org-netbeans-modules-editor-mimelookup-impl.jar:/usr/local/OpenESB-SE-3.0.5/OE-Studio/netbeans/platform/core/org-openide-filesystems.jar:/usr/local/OpenESB-SE-3.0.5/OE-Studio/netbeans/platform/modules/org-netbeans-modules-keyring.jar:/usr/local/OpenESB-SE-3.0.5/OE-Studio/netbeans/platform/modules/org-openide-dialogs.jar:/usr/local/OpenESB-SE-3.0.5/OE-Studio/netbeans/extide/ant/lib/ant-launcher.jar:/usr/local/OpenESB-SE-3.0.5/OE-Studio/netbeans/extide/ant/lib/ant.jar:/usr/local/OpenESB-SE-3.0.5/OE-Studio/netbeans/extide/ant/lib/ant-junit.jar:/usr/local/OpenESB-SE-3.0.5/OE-Studio/netbeans/extide/ant/lib/ant-junit4.jar" />
    <property name="libs.absolutelayout.src" value="" />
    <property name="libs.jpa20-persistence.classpath" value="/usr/local/OpenESB-SE-3.0.5/OE-Studio/netbeans/java/modules/ext/eclipselink/javax.persistence_2.1.0.v201304241213.jar" />
    <property name="os.version" value="10.11" />
    <property name="resource.Epri3" value="../Epri3/setup" />
    <property name="libs.EclipseLink-GlassFish-v3.javadoc" value="/usr/local/OpenESB-SE-3.0.5/OE-Studio/netbeans/enterprise/docs/javaee-doc-api.jar" />
    <property name="libs.javaee-api-7.0.maven-pom" value="" />
    <property name="sun.awt.enableExtraMouseButtons" value="true" />
    <property name="libs.PojoSELib.maven-pom" value="" />
    <property name="libs.hibernate4-persistence.src" value="" />
    <property name="libs.hibernate4-support.maven-pom" value="" />
    <property name="libs.Comet-GlassFish-v3.src" value="" />
    <property name="libs.restlib.javadoc" value="" />
    <property name="libs.JAXB-ENDORSED.classpath" value="/usr/local/OpenESB-SE-3.0.5/OE-Studio/netbeans/ide/modules/ext/jaxb/api/jaxb-api.jar" />
    <property name="libs.eclipselink.classpath" value="/usr/local/OpenESB-SE-3.0.5/OE-Studio/netbeans/java/modules/ext/eclipselink/eclipselink.jar:/usr/local/OpenESB-SE-3.0.5/OE-Studio/netbeans/java/modules/ext/eclipselink/javax.persistence_2.1.0.v201304241213.jar:/usr/local/OpenESB-SE-3.0.5/OE-Studio/netbeans/java/modules/ext/eclipselink/org.eclipse.persistence.jpa.jpql_2.5.2.v20140319-9ad6abd.jar" />
    <property name="libs.javaee-api-7.0.javadoc" value="/usr/local/OpenESB-SE-3.0.5/OE-Studio/netbeans/enterprise/docs/javaee-doc-api.jar" />
    <property name="libs.beans-binding.javadoc" value="/usr/local/OpenESB-SE-3.0.5/OE-Studio/netbeans/java/docs/beansbinding-1.2.1-doc.zip" />
    <property name="java.awt.graphicsenv" value="sun.awt.CGraphicsEnvironment" />
    <property name="java.vm.vendor" value="Oracle Corporation" />
    <property name="libs.CopyLibs.classpath" value="/usr/local/OpenESB-SE-3.0.5/OE-Studio/netbeans/java/ant/extra/org-netbeans-modules-java-j2seproject-copylibstask.jar" />
    <property name="libs.spring-framework300.classpath" value="/usr/local/OpenESB-SE-3.0.5/OE-Studio/netbeans/ide/modules/org-apache-commons-logging.jar:/usr/local/OpenESB-SE-3.0.5/OE-Studio/netbeans/java/modules/ext/cglib-2.2.jar:/usr/local/OpenESB-SE-3.0.5/OE-Studio/netbeans/java/modules/ext/spring-3.0/spring-aop-3.2.7.RELEASE.jar:/usr/local/OpenESB-SE-3.0.5/OE-Studio/netbeans/java/modules/ext/spring-3.0/spring-aspects-3.2.7.RELEASE.jar:/usr/local/OpenESB-SE-3.0.5/OE-Studio/netbeans/java/modules/ext/spring-3.0/spring-beans-3.2.7.RELEASE.jar:/usr/local/OpenESB-SE-3.0.5/OE-Studio/netbeans/java/modules/ext/spring-3.0/spring-build-src-3.2.7.RELEASE.jar:/usr/local/OpenESB-SE-3.0.5/OE-Studio/netbeans/java/modules/ext/spring-3.0/spring-context-3.2.7.RELEASE.jar:/usr/local/OpenESB-SE-3.0.5/OE-Studio/netbeans/java/modules/ext/spring-3.0/spring-context-support-3.2.7.RELEASE.jar:/usr/local/OpenESB-SE-3.0.5/OE-Studio/netbeans/java/modules/ext/spring-3.0/spring-core-3.2.7.RELEASE.jar:/usr/local/OpenESB-SE-3.0.5/OE-Studio/netbeans/java/modules/ext/spring-3.0/spring-expression-3.2.7.RELEASE.jar:/usr/local/OpenESB-SE-3.0.5/OE-Studio/netbeans/java/modules/ext/spring-3.0/spring-framework-bom-3.2.7.RELEASE.jar:/usr/local/OpenESB-SE-3.0.5/OE-Studio/netbeans/java/modules/ext/spring-3.0/spring-instrument-3.2.7.RELEASE.jar:/usr/local/OpenESB-SE-3.0.5/OE-Studio/netbeans/java/modules/ext/spring-3.0/spring-instrument-tomcat-3.2.7.RELEASE.jar:/usr/local/OpenESB-SE-3.0.5/OE-Studio/netbeans/java/modules/ext/spring-3.0/spring-jdbc-3.2.7.RELEASE.jar:/usr/local/OpenESB-SE-3.0.5/OE-Studio/netbeans/java/modules/ext/spring-3.0/spring-jms-3.2.7.RELEASE.jar:/usr/local/OpenESB-SE-3.0.5/OE-Studio/netbeans/java/modules/ext/spring-3.0/spring-orm-3.2.7.RELEASE.jar:/usr/local/OpenESB-SE-3.0.5/OE-Studio/netbeans/java/modules/ext/spring-3.0/spring-oxm-3.2.7.RELEASE.jar:/usr/local/OpenESB-SE-3.0.5/OE-Studio/netbeans/java/modules/ext/spring-3.0/spring-struts-3.2.7.RELEASE.jar:/usr/local/OpenESB-SE-3.0.5/OE-Studio/netbeans/java/modules/ext/spring-3.0/spring-test-3.2.7.RELEASE.jar:/usr/local/OpenESB-SE-3.0.5/OE-Studio/netbeans/java/modules/ext/spring-3.0/spring-tx-3.2.7.RELEASE.jar:/usr/local/OpenESB-SE-3.0.5/OE-Studio/netbeans/java/modules/ext/spring-3.0/spring-web-3.2.7.RELEASE.jar:/usr/local/OpenESB-SE-3.0.5/OE-Studio/netbeans/java/modules/ext/spring-3.0/spring-webmvc-3.2.7.RELEASE.jar:/usr/local/OpenESB-SE-3.0.5/OE-Studio/netbeans/java/modules/ext/spring-3.0/spring-webmvc-portlet-3.2.7.RELEASE.jar" />
    <property name="libs.jsp-compiler.maven-pom" value="" />
    <property name="libs.Encoder-COCO.classpath" value="/usr/local/OpenESB-SE-3.0.5/OE-Studio/netbeans/soa/modules/ext/coco.jar:/usr/local/OpenESB-SE-3.0.5/OE-Studio/netbeans/soa/modules/ext/cocoencoder-xsdextension.jar" />
    <property name="libs.hibernate4-persistence.classpath" value="/usr/local/OpenESB-SE-3.0.5/OE-Studio/netbeans/java/modules/ext/hibernate4/antlr-2.7.7.jar:/usr/local/OpenESB-SE-3.0.5/OE-Studio/netbeans/java/modules/ext/hibernate4/c3p0-0.9.2.1.jar:/usr/local/OpenESB-SE-3.0.5/OE-Studio/netbeans/java/modules/ext/hibernate4/hibernate-c3p0-4.3.1.Final.jar:/usr/local/OpenESB-SE-3.0.5/OE-Studio/netbeans/java/modules/ext/hibernate4/mchange-commons-java-0.2.3.4.jar:/usr/local/OpenESB-SE-3.0.5/OE-Studio/netbeans/java/modules/ext/hibernate4/dom4j-1.6.1.jar:/usr/local/OpenESB-SE-3.0.5/OE-Studio/netbeans/java/modules/ext/hibernate4/ehcache-core-2.4.3.jar:/usr/local/OpenESB-SE-3.0.5/OE-Studio/netbeans/java/modules/ext/hibernate4/hibernate-ehcache-4.3.1.Final.jar:/usr/local/OpenESB-SE-3.0.5/OE-Studio/netbeans/java/modules/ext/hibernate4/hibernate-core-4.3.1.Final.jar:/usr/local/OpenESB-SE-3.0.5/OE-Studio/netbeans/java/modules/ext/hibernate4/jboss-logging-3.1.3.GA.jar:/usr/local/OpenESB-SE-3.0.5/OE-Studio/netbeans/java/modules/ext/hibernate4/hibernate-commons-annotations-4.0.4.Final.jar:/usr/local/OpenESB-SE-3.0.5/OE-Studio/netbeans/java/modules/ext/hibernate4/hibernate-entitymanager-4.3.1.Final.jar:/usr/local/OpenESB-SE-3.0.5/OE-Studio/netbeans/java/modules/ext/hibernate4/javassist-3.18.1-GA.jar:/usr/local/OpenESB-SE-3.0.5/OE-Studio/netbeans/java/modules/ext/hibernate4/jboss-transaction-api_1.2_spec-1.0.0.Final.jar:/usr/local/OpenESB-SE-3.0.5/OE-Studio/netbeans/java/modules/ext/hibernate4/slf4j-api-1.6.1.jar:/usr/local/OpenESB-SE-3.0.5/OE-Studio/netbeans/java/modules/ext/hibernate4/slf4j-simple-1.6.1.jar:/usr/local/OpenESB-SE-3.0.5/OE-Studio/netbeans/java/modules/ext/hibernate4/hibernate-jpa-2.1-api-1.0.0.Final.jar" />
    <property name="libs.JAXB-ENDORSED.src" value="" />
    <property name="libs.testng.javadoc" value="/usr/local/OpenESB-SE-3.0.5/OE-Studio/netbeans/platform/docs/testng-6.8.1-javadoc.zip" />
    <property name="libs.DataBindingME-PIM.src" value="/Users/BenGoodwin/Library/Application Support/OpenESB_Studio/3.1.0-SNAPSHOT/sources/netbeans_databindingme_pim-src.zip" />
    <property name="libs.PostgreSQLDriver.classpath" value="/usr/local/OpenESB-SE-3.0.5/OE-Studio/netbeans/ide/modules/ext/postgresql-9.2-1002.jdbc4.jar" />
    <property name="libs.jsf12.maven-pom" value="" />
    <property name="soa.module.install.dir" value="/usr/local/OpenESB-SE-3.0.5/OE-Studio/netbeans/soa/modules" />
    <property name="libs.hibernate4-persistencemodelgen.classpath" value="/usr/local/OpenESB-SE-3.0.5/OE-Studio/netbeans/java/modules/ext/hibernate4/hibernate-jpamodelgen-4.3.1.Final.jar" />
    <property name="libs.Encoder-Custom.src" value="" />
    <property name="libs.junit.src" value="" />
    <property name="libs.CopyLibs.src" value="" />
    <property name="build.dir" value="build" />
    <property name="libs.jsp-compilation.classpath" value="/usr/local/OpenESB-SE-3.0.5/OE-Studio/netbeans/extide/ant/lib/ant.jar:/usr/local/OpenESB-SE-3.0.5/OE-Studio/netbeans/enterprise/modules/ext/servlet3.1-jsp2.3-api.jar:/usr/local/OpenESB-SE-3.0.5/OE-Studio/netbeans/enterprise/modules/ext/glassfish-jspparser-4.0.jar:/usr/local/OpenESB-SE-3.0.5/OE-Studio/netbeans/enterprise/modules/ext/jsf-2_2/javax.faces.jar:/usr/local/OpenESB-SE-3.0.5/OE-Studio/netbeans/enterprise/modules/ext/jstl-api.jar:/usr/local/OpenESB-SE-3.0.5/OE-Studio/netbeans/extide/ant/lib/ant-launcher.jar" />
    <property name="ant.version" value="Apache Ant(TM) version 1.9.4 compiled on April 29 2014" />
    <property name="file.encoding" value="UTF-8" />
    <property name="libs.spring-webmvc4.0.classpath" value="/usr/local/OpenESB-SE-3.0.5/OE-Studio/netbeans/java/modules/ext/spring-4/spring-webmvc-4.0.1.RELEASE.jar" />
    <property name="awt.toolkit" value="sun.lwawt.macosx.LWCToolkit" />
    <property name="libs.javaee-web-api-7.0.javadoc" value="/usr/local/OpenESB-SE-3.0.5/OE-Studio/netbeans/enterprise/docs/javaee-doc-api.jar" />
  </properties>
  <testcase classname="org.netbeans.modules.compapp.catd.ConfiguredTest" name="TestCase1" time="3.574">
    <failure message="[Nov 22, 2015 8:57:57 AM] The response is not identical to the expected output." type="junit.framework.AssertionFailedError">junit.framework.AssertionFailedError: [Nov 22, 2015 8:57:57 AM] The response is not identical to the expected output.
	at org.netbeans.modules.compapp.catd.ConfiguredTest.checkExpectedOutput(ConfiguredTest.java:2354)
	at org.netbeans.modules.compapp.catd.ConfiguredTest.checkExpectedOutput(ConfiguredTest.java:2224)
	at org.netbeans.modules.compapp.catd.ConfiguredTest.testConcurrentSOAPRequest(ConfiguredTest.java:867)
</failure>
  </testcase>
  <system-out><![CDATA[GenerateATSOutput=${generate.ats.output}
NetBeansUserDir=/Users/BenGoodwin/Library/Application Support/OpenESB_Studio/3.1.0-SNAPSHOT
ServerPassword=admin
awt.toolkit=sun.lwawt.macosx.LWCToolkit
file.encoding=UTF-8
file.encoding.pkg=sun.io
file.separator=/
ftp.nonProxyHosts=local|*.local|169.254/16|*.169.254/16
gopherProxySet=false
http.nonProxyHosts=local|*.local|169.254/16|*.169.254/16
inDebug=${inDebug}
java.awt.graphicsenv=sun.awt.CGraphicsEnvironment
java.awt.headless=${java.awt.headless}
java.awt.printerjob=sun.lwawt.macosx.CPrinterJob
java.class.path=/usr/local/OpenESB-SE-3.0.5/OE-Studio/netbeans/soa/modules/org-netbeans-modules-compapp-manager-jbi.jar:/usr/local/OpenESB-SE-3.0.5/OE-Studio/netbeans/soa/modules/org-netbeans-modules-compapp-projects-jbi.jar:/usr/local/OpenESB-SE-3.0.5/OE-Studio/netbeans/soa/modules/ext/jbi-admin-common.jar:/usr/local/OpenESB-SE-3.0.5/OE-Studio/netbeans/soa/modules/ext/catd.jar:/usr/local/OpenESB-SE-3.0.5/OE-Studio/netbeans/java/modules/ext/junit-3.8.2.jar:/usr/local/OpenESB-SE-3.0.5/OE-Studio/netbeans/java/modules/ext/jaxws22/api/saaj-api.jar:/usr/local/OpenESB-SE-3.0.5/OE-Studio/netbeans/java/modules/ext/jaxws22/saaj-impl.jar:/usr/local/OpenESB-SE-3.0.5/OE-Studio/netbeans/java/modules/ext/jaxws22/FastInfoset.jar:/usr/local/OpenESB-SE-3.0.5/OE-Studio/netbeans/ide/modules/org-netbeans-modules-editor-lib.jar:/usr/local/OpenESB-SE-3.0.5/OE-Studio/netbeans/ide/modules/org-netbeans-modules-editor.jar:/usr/local/OpenESB-SE-3.0.5/OE-Studio/netbeans/ide/modules/org-netbeans-modules-editor-deprecated-pre65formatting.jar:/usr/local/OpenESB-SE-3.0.5/OE-Studio/netbeans/ide/modules/org-netbeans-modules-editor-util.jar:/usr/local/OpenESB-SE-3.0.5/OE-Studio/netbeans/ide/modules/org-netbeans-modules-editor-lib2.jar:/usr/local/OpenESB-SE-3.0.5/OE-Studio/netbeans/ide/modules/org-netbeans-modules-editor-indent.jar:/usr/local/OpenESB-SE-3.0.5/OE-Studio/netbeans/ide/modules/org-netbeans-modules-editor-plain.jar:/usr/local/OpenESB-SE-3.0.5/OE-Studio/netbeans/ide/modules/org-netbeans-modules-editor-plain-lib.jar:/usr/local/OpenESB-SE-3.0.5/OE-Studio/netbeans/ide/modules/org-netbeans-modules-editor-settings.jar:/usr/local/OpenESB-SE-3.0.5/OE-Studio/netbeans/ide/modules/org-netbeans-modules-editor-settings-storage.jar:/usr/local/OpenESB-SE-3.0.5/OE-Studio/netbeans/ide/modules/org-netbeans-modules-lexer.jar:/usr/local/OpenESB-SE-3.0.5/OE-Studio/netbeans/ide/modules/org-netbeans-modules-xml-core.jar:/usr/local/OpenESB-SE-3.0.5/OE-Studio/netbeans/ide/modules/org-netbeans-modules-xml-lexer.jar:/usr/local/OpenESB-SE-3.0.5/OE-Studio/netbeans/ide/modules/org-netbeans-modules-xml-text.jar:/usr/local/OpenESB-SE-3.0.5/OE-Studio/netbeans/ide/modules/org-netbeans-modules-xml-xdm.jar:/usr/local/OpenESB-SE-3.0.5/OE-Studio/netbeans/ide/modules/org-netbeans-modules-xml-xam.jar:/usr/local/OpenESB-SE-3.0.5/OE-Studio/netbeans/ide/modules/org-netbeans-modules-csl-api.jar:/usr/local/OpenESB-SE-3.0.5/OE-Studio/netbeans/ide/modules/ext/jaxb/activation.jar:/usr/local/OpenESB-SE-3.0.5/OE-Studio/netbeans/platform/lib/org-openide-modules.jar:/usr/local/OpenESB-SE-3.0.5/OE-Studio/netbeans/platform/lib/org-openide-util.jar:/usr/local/OpenESB-SE-3.0.5/OE-Studio/netbeans/platform/lib/org-openide-util-lookup.jar:/usr/local/OpenESB-SE-3.0.5/OE-Studio/netbeans/platform/modules/org-openide-awt.jar:/usr/local/OpenESB-SE-3.0.5/OE-Studio/netbeans/platform/modules/org-openide-options.jar:/usr/local/OpenESB-SE-3.0.5/OE-Studio/netbeans/platform/modules/org-openide-text.jar:/usr/local/OpenESB-SE-3.0.5/OE-Studio/netbeans/platform/modules/org-openide-loaders.jar:/usr/local/OpenESB-SE-3.0.5/OE-Studio/netbeans/platform/modules/org-openide-nodes.jar:/usr/local/OpenESB-SE-3.0.5/OE-Studio/netbeans/platform/modules/org-netbeans-modules-editor-mimelookup.jar:/usr/local/OpenESB-SE-3.0.5/OE-Studio/netbeans/platform/modules/org-netbeans-modules-editor-mimelookup-impl.jar:/usr/local/OpenESB-SE-3.0.5/OE-Studio/netbeans/platform/core/org-openide-filesystems.jar:/usr/local/OpenESB-SE-3.0.5/OE-Studio/netbeans/platform/modules/org-netbeans-modules-keyring.jar:/usr/local/OpenESB-SE-3.0.5/OE-Studio/netbeans/platform/modules/org-openide-dialogs.jar:/usr/local/OpenESB-SE-3.0.5/OE-Studio/netbeans/extide/ant/lib/ant-launcher.jar:/usr/local/OpenESB-SE-3.0.5/OE-Studio/netbeans/extide/ant/lib/ant.jar:/usr/local/OpenESB-SE-3.0.5/OE-Studio/netbeans/extide/ant/lib/ant-junit.jar:/usr/local/OpenESB-SE-3.0.5/OE-Studio/netbeans/extide/ant/lib/ant-junit4.jar
java.class.version=51.0
java.endorsed.dirs=/Library/Java/JavaVirtualMachines/jdk1.7.0_45.jdk/Contents/Home/jre/lib/endorsed
java.ext.dirs=/Users/BenGoodwin/Library/Java/Extensions:/Library/Java/JavaVirtualMachines/jdk1.7.0_45.jdk/Contents/Home/jre/lib/ext:/Library/Java/Extensions:/Network/Library/Java/Extensions:/System/Library/Java/Extensions:/usr/lib/java
java.home=/Library/Java/JavaVirtualMachines/jdk1.7.0_45.jdk/Contents/Home/jre
java.io.tmpdir=/var/folders/xm/gdf4xfjj69g6g9j_f6lg32jh0000gn/T/
java.library.path=/Users/BenGoodwin/Library/Java/Extensions:/Library/Java/Extensions:/Network/Library/Java/Extensions:/System/Library/Java/Extensions:/usr/lib/java:.
java.runtime.name=Java(TM) SE Runtime Environment
java.runtime.version=1.7.0_45-b18
java.specification.name=Java Platform API Specification
java.specification.vendor=Oracle Corporation
java.specification.version=1.7
java.vendor=Oracle Corporation
java.vendor.url=http://java.oracle.com/
java.vendor.url.bug=http://bugreport.sun.com/bugreport/
java.version=1.7.0_45
java.vm.info=mixed mode
java.vm.name=Java HotSpot(TM) 64-Bit Server VM
java.vm.specification.name=Java Virtual Machine Specification
java.vm.specification.vendor=Oracle Corporation
java.vm.specification.version=1.7
java.vm.vendor=Oracle Corporation
java.vm.version=24.45-b08
line.separator=

org.netbeans.modules.compapp.catd.context=
os.arch=x86_64
os.name=Mac OS X
os.version=10.11
path.separator=:
socksNonProxyHosts=local|*.local|169.254/16|*.169.254/16
sun.arch.data.model=64
sun.boot.class.path=/Library/Java/JavaVirtualMachines/jdk1.7.0_45.jdk/Contents/Home/jre/lib/resources.jar:/Library/Java/JavaVirtualMachines/jdk1.7.0_45.jdk/Contents/Home/jre/lib/rt.jar:/Library/Java/JavaVirtualMachines/jdk1.7.0_45.jdk/Contents/Home/jre/lib/sunrsasign.jar:/Library/Java/JavaVirtualMachines/jdk1.7.0_45.jdk/Contents/Home/jre/lib/jsse.jar:/Library/Java/JavaVirtualMachines/jdk1.7.0_45.jdk/Contents/Home/jre/lib/jce.jar:/Library/Java/JavaVirtualMachines/jdk1.7.0_45.jdk/Contents/Home/jre/lib/charsets.jar:/Library/Java/JavaVirtualMachines/jdk1.7.0_45.jdk/Contents/Home/jre/lib/jfr.jar:/Library/Java/JavaVirtualMachines/jdk1.7.0_45.jdk/Contents/Home/jre/lib/JObjC.jar:/Library/Java/JavaVirtualMachines/jdk1.7.0_45.jdk/Contents/Home/jre/classes
sun.boot.library.path=/Library/Java/JavaVirtualMachines/jdk1.7.0_45.jdk/Contents/Home/jre/lib
sun.cpu.endian=little
sun.cpu.isalist=
sun.io.unicode.encoding=UnicodeBig
sun.java.command=org.apache.tools.ant.taskdefs.optional.junit.JUnitTestRunner org.netbeans.modules.compapp.catd.ConfiguredTest skipNonTests=false filtertrace=true haltOnError=false haltOnFailure=false showoutput=true outputtoformatters=true logfailedtests=true threadid=0 logtestlistenerevents=true formatter=org.apache.tools.ant.taskdefs.optional.junit.BriefJUnitResultFormatter formatter=org.apache.tools.ant.taskdefs.optional.junit.XMLJUnitResultFormatter,/Users/BenGoodwin/git/nrel/Epri3App/test/results/TEST-org.netbeans.modules.compapp.catd.ConfiguredTest.xml crashfile=/var/folders/xm/gdf4xfjj69g6g9j_f6lg32jh0000gn/T/junitvmwatcher5171203688261120423.properties propsfile=/var/folders/xm/gdf4xfjj69g6g9j_f6lg32jh0000gn/T/junit5213949474925997447.properties
sun.java.launcher=SUN_STANDARD
sun.jnu.encoding=UTF-8
sun.management.compiler=HotSpot 64-Bit Tiered Compilers
sun.os.patch.level=unknown
user.country=US
user.dir=/Users/BenGoodwin/git/nrel/Epri3App
user.home=/Users/BenGoodwin
user.language=en
user.name=BenGoodwin
user.timezone=America/New_York
Test TestCase1\Concurrent.properties
  * Difference (Delete): #text
  * Difference (Add): #text
  * Difference (Delete): #text
  * Difference (Add): #text
  * Difference (Delete): #text
  * Difference (Add): #text
  * Difference (Delete): #text
  * Difference (Add): #text
  * Difference (Delete): #text
  * Difference (Add): #text
  * Difference (Delete): #text
  * Difference (Add): #text
 Failed. (Destination: http://localhost:8081/epriConnect/MaintOrderServiceCreate)
]]></system-out>
  <system-err><![CDATA[]]></system-err>
</testsuite>
